C51 COMPILER V9.00   ADC                                                                   09/20/2016 20:39:17 PAGE 1   


C51 COMPILER V9.00, COMPILATION OF MODULE ADC
OBJECT MODULE PLACED IN ..\obj\adc.obj
COMPILER INVOKED BY: D:\Program Files\KeilC51V9.00\C51\BIN\C51.EXE ..\user\adc.c BROWSE INCDIR(..\include) DEBUG OBJECTE
                    -XTEND PRINT(..\list\adc.lst) OBJECT(..\obj\adc.obj)

line level    source

   1                                                                                                                                                                                   /*---------------------------------------------------------------------*/
   2          /* --- STC MCU Limited ------------------------------------------------*/
   3          /* --- STC15F4K60S4 系列 AD转换查询方式举例----------------------------*/
   4          /* --- Mobile: (86)13922805190 ----------------------------------------*/
   5          /* --- Fax: 86-0513-55012956,55012947,55012969 ------------------------*/
   6          /* --- Tel: 86-0513-55012928,55012929,55012966-------------------------*/
   7          /* --- Web: www.STCMCU.com --------------------------------------------*/
   8          /* --- Web: www.GXWMCU.com --------------------------------------------*/
   9          /* 如果要在程序中使用此代码,请在程序中注明使用了STC的资料及程序        */
  10          /* 如果要在文章中应用此代码,请在文章中注明使用了STC的资料及程序        */
  11          /*---------------------------------------------------------------------*/
  12          
  13          //本示例在Keil开发环境下请选择Intel的8058芯片型号进行编译
  14          //若无特别说明,工作频率一般为11.0592MHz
  15          
  16          
  17          #include "adc.h"
  18          
  19          #define FOSC    11059200L
  20          #define BAUD    9600
  21          
  22          #define ADC_POWER   0x80            //ADC电源控制位
  23          #define ADC_FLAG    0x10            //ADC完成标志
  24          #define ADC_START   0x08            //ADC起始控制位
  25          #define ADC_SPEEDLL 0x00            //540个时钟
  26          #define ADC_SPEEDL  0x20            //360个时钟
  27          #define ADC_SPEEDH  0x40            //180个时钟
  28          #define ADC_SPEEDHH 0x60            //90个时钟
  29          
  30          void InitADC();
  31          void Delay(u16 n);
  32          u8 GetADCResult(void);
  33          
  34          /*----------------------------
  35          读取ADC结果
  36          ----------------------------*/
  37          u8 GetADCResult(void)
  38          {
  39   1          ADC_CONTR = ADC_POWER | ADC_SPEEDLL | 0x02 | ADC_START;
  40   1          _nop_();                        //等待4个NOP
  41   1          _nop_();
  42   1          _nop_();
  43   1          _nop_();
  44   1          while (!(ADC_CONTR & ADC_FLAG));//等待ADC转换完成
  45   1          ADC_CONTR &= ~ADC_FLAG;         //Close ADC
  46   1      
  47   1          return ADC_RES;                 //返回ADC结果
  48   1      }
  49          
  50          /*----------------------------
  51          初始化ADC
  52          ----------------------------*/
  53          void adc_init(void)
  54          {
C51 COMPILER V9.00   ADC                                                                   09/20/2016 20:39:17 PAGE 2   

  55   1          P1ASF = 0x04;                   //设置P1^2口为AD口
  56   1          ADC_RES = 0;                    //清除结果寄存器
  57   1          ADC_CONTR = ADC_POWER | ADC_SPEEDLL;
  58   1          Delay(2);                       //ADC上电并延时
  59   1      }
  60          
  61          
  62          /*----------------------------
  63          软件延时
  64          ----------------------------*/
  65          void Delay(u16 n)
  66          {
  67   1          u16 x;
  68   1      
  69   1          while (n--)
  70   1          {
  71   2              x = 5000;
  72   2              while (x--);
  73   2          }
  74   1      }
  75          


MODULE INFORMATION:   STATIC OVERLAYABLE
   CODE SIZE        =     60    ----
   CONSTANT SIZE    =   ----    ----
   XDATA SIZE       =   ----    ----
   PDATA SIZE       =   ----    ----
   DATA SIZE        =   ----    ----
   IDATA SIZE       =   ----    ----
   BIT SIZE         =   ----    ----
END OF MODULE INFORMATION.


C51 COMPILATION COMPLETE.  0 WARNING(S),  0 ERROR(S)
