C51 COMPILER V9.00   TIMER0                                                                09/20/2016 20:39:16 PAGE 1   


C51 COMPILER V9.00, COMPILATION OF MODULE TIMER0
OBJECT MODULE PLACED IN ..\obj\timer0.obj
COMPILER INVOKED BY: D:\Program Files\KeilC51V9.00\C51\BIN\C51.EXE ..\user\timer0.c BROWSE INCDIR(..\include) DEBUG OBJE
                    -CTEXTEND PRINT(..\list\timer0.lst) OBJECT(..\obj\timer0.obj)

line level    source

   1          #include "timer0.h"
   2          
   3          u16 timer0_read(void)
   4          {
   5   1              u16 temp;
   6   1              temp = TH0;
   7   1              temp <<= 8;
   8   1              temp |= TL0;
   9   1              return temp;
  10   1      }
  11          void timer0_init(void)
  12          {
  13   1              AUXR &= 0x7F;           //定时器时钟12T模式
  14   1              TMOD &= 0xf0;
  15   1              TMOD |= 0x01;
  16   1              ET0 = 0;
  17   1              TF0 = 0;
  18   1              timer0_clear(); 
  19   1      }


MODULE INFORMATION:   STATIC OVERLAYABLE
   CODE SIZE        =     28    ----
   CONSTANT SIZE    =   ----    ----
   XDATA SIZE       =   ----    ----
   PDATA SIZE       =   ----    ----
   DATA SIZE        =   ----    ----
   IDATA SIZE       =   ----    ----
   BIT SIZE         =   ----    ----
END OF MODULE INFORMATION.


C51 COMPILATION COMPLETE.  0 WARNING(S),  0 ERROR(S)
